04/13/16 23:00:25 ******************************************************
04/13/16 23:00:25 ** condor_scheduniv_exec.1.0 (CONDOR_DAGMAN) STARTING UP
04/13/16 23:00:25 ** /usr/bin/condor_dagman
04/13/16 23:00:25 ** SubsystemInfo: name=DAGMAN type=DAGMAN(10) class=DAEMON(1)
04/13/16 23:00:25 ** Configuration: subsystem:DAGMAN local:<NONE> class:DAEMON
04/13/16 23:00:25 ** $CondorVersion: 8.4.5 Mar 21 2016 BuildID: 360487 $
04/13/16 23:00:25 ** $CondorPlatform: x86_64_RedHat7 $
04/13/16 23:00:25 ** PID = 454
04/13/16 23:00:25 ** Log last touched time unavailable (No such file or directory)
04/13/16 23:00:25 ******************************************************
04/13/16 23:00:25 Using config source: /etc/condor/condor_config
04/13/16 23:00:25 Using local config sources: 
04/13/16 23:00:25    /etc/condor/condor_config.local
04/13/16 23:00:25 config Macros = 67, Sorted = 67, StringBytes = 1892, TablesBytes = 2460
04/13/16 23:00:25 CLASSAD_CACHING is ENABLED
04/13/16 23:00:25 Daemon Log is logging: D_ALWAYS D_ERROR
04/13/16 23:00:25 DaemonCore: No command port requested.
04/13/16 23:00:25 DAGMAN_USE_STRICT setting: 1
04/13/16 23:00:25 DAGMAN_VERBOSITY setting: 3
04/13/16 23:00:25 DAGMAN_DEBUG_CACHE_SIZE setting: 5242880
04/13/16 23:00:25 DAGMAN_DEBUG_CACHE_ENABLE setting: False
04/13/16 23:00:25 DAGMAN_SUBMIT_DELAY setting: 0
04/13/16 23:00:25 DAGMAN_MAX_SUBMIT_ATTEMPTS setting: 6
04/13/16 23:00:25 DAGMAN_STARTUP_CYCLE_DETECT setting: False
04/13/16 23:00:25 DAGMAN_MAX_SUBMITS_PER_INTERVAL setting: 5
04/13/16 23:00:25 DAGMAN_USER_LOG_SCAN_INTERVAL setting: 5
04/13/16 23:00:25 DAGMAN_DEFAULT_PRIORITY setting: 0
04/13/16 23:00:25 DAGMAN_SUPPRESS_NOTIFICATION setting: True
04/13/16 23:00:25 allow_events (DAGMAN_ALLOW_EVENTS) setting: 114
04/13/16 23:00:25 DAGMAN_RETRY_SUBMIT_FIRST setting: True
04/13/16 23:00:25 DAGMAN_RETRY_NODE_FIRST setting: False
04/13/16 23:00:25 DAGMAN_MAX_JOBS_IDLE setting: 1000
04/13/16 23:00:25 DAGMAN_MAX_JOBS_SUBMITTED setting: 0
04/13/16 23:00:25 DAGMAN_MAX_PRE_SCRIPTS setting: 20
04/13/16 23:00:25 DAGMAN_MAX_POST_SCRIPTS setting: 20
04/13/16 23:00:25 DAGMAN_ALLOW_LOG_ERROR setting: False
04/13/16 23:00:25 DAGMAN_MUNGE_NODE_NAMES setting: True
04/13/16 23:00:25 DAGMAN_PROHIBIT_MULTI_JOBS setting: False
04/13/16 23:00:25 DAGMAN_SUBMIT_DEPTH_FIRST setting: False
04/13/16 23:00:25 DAGMAN_ALWAYS_RUN_POST setting: True
04/13/16 23:00:25 DAGMAN_ABORT_DUPLICATES setting: True
04/13/16 23:00:25 DAGMAN_ABORT_ON_SCARY_SUBMIT setting: True
04/13/16 23:00:25 DAGMAN_PENDING_REPORT_INTERVAL setting: 600
04/13/16 23:00:25 DAGMAN_AUTO_RESCUE setting: True
04/13/16 23:00:25 DAGMAN_MAX_RESCUE_NUM setting: 100
04/13/16 23:00:25 DAGMAN_WRITE_PARTIAL_RESCUE setting: True
04/13/16 23:00:25 DAGMAN_DEFAULT_NODE_LOG setting: @(DAG_DIR)/@(DAG_FILE).nodes.log
04/13/16 23:00:25 DAGMAN_GENERATE_SUBDAG_SUBMITS setting: True
04/13/16 23:00:25 DAGMAN_MAX_JOB_HOLDS setting: 100
04/13/16 23:00:25 DAGMAN_HOLD_CLAIM_TIME setting: 20
04/13/16 23:00:25 ALL_DEBUG setting: 
04/13/16 23:00:25 DAGMAN_DEBUG setting: 
04/13/16 23:00:25 DAGMAN_SUPPRESS_JOB_LOGS setting: False
04/13/16 23:00:25 argv[0] == "condor_scheduniv_exec.1.0"
04/13/16 23:00:25 argv[1] == "-Lockfile"
04/13/16 23:00:25 argv[2] == "dispel4py-0.dag.lock"
04/13/16 23:00:25 argv[3] == "-AutoRescue"
04/13/16 23:00:25 argv[4] == "1"
04/13/16 23:00:25 argv[5] == "-DoRescueFrom"
04/13/16 23:00:25 argv[6] == "0"
04/13/16 23:00:25 argv[7] == "-Dag"
04/13/16 23:00:25 argv[8] == "dispel4py-0.dag"
04/13/16 23:00:25 argv[9] == "-MaxPost"
04/13/16 23:00:25 argv[10] == "20"
04/13/16 23:00:25 argv[11] == "-Suppress_notification"
04/13/16 23:00:25 argv[12] == "-CsdVersion"
04/13/16 23:00:25 argv[13] == "$CondorVersion: 8.4.5 Mar 21 2016 BuildID: 360487 $"
04/13/16 23:00:25 argv[14] == "-Dagman"
04/13/16 23:00:25 argv[15] == "/usr/bin/condor_dagman"
04/13/16 23:00:25 Warning: failed to get attribute DAGNodeName
04/13/16 23:00:25 DAGMAN_LOG_ON_NFS_IS_ERROR setting: False
04/13/16 23:00:25 Default node log file is: </home/tutorial/pegasus_dispel4py/mpi_experiment/tutorial/pegasus/dispel4py/20160413T230010+0000/./dispel4py-0.dag.nodes.log>
04/13/16 23:00:25 DAG Lockfile will be written to dispel4py-0.dag.lock
04/13/16 23:00:25 DAG Input file is dispel4py-0.dag
04/13/16 23:00:25 Parsing 1 dagfiles
04/13/16 23:00:25 Parsing dispel4py-0.dag ...
04/13/16 23:00:25 Warning: category stage-in has no throttle value set
04/13/16 23:00:25 Dag contains 5 total jobs
04/13/16 23:00:25 Sleeping for 3 seconds to ensure ProcessId uniqueness
04/13/16 23:00:28 Bootstrapping...
04/13/16 23:00:28 Number of pre-completed nodes: 0
04/13/16 23:00:28 MultiLogFiles: truncating log file /home/tutorial/pegasus_dispel4py/mpi_experiment/tutorial/pegasus/dispel4py/20160413T230010+0000/./dispel4py-0.dag.nodes.log
04/13/16 23:00:28 DAG status: 0 (DAG_STATUS_OK)
04/13/16 23:00:28 Of 5 nodes total:
04/13/16 23:00:28  Done     Pre   Queued    Post   Ready   Un-Ready   Failed
04/13/16 23:00:28   ===     ===      ===     ===     ===        ===      ===
04/13/16 23:00:28     0       0        0       0       1          4        0
04/13/16 23:00:28 0 job proc(s) currently held
04/13/16 23:00:28 Registering condor_event_timer...
04/13/16 23:00:29 Submitting Condor Node create_dir_dispel4py_0_local job(s)...
04/13/16 23:00:29 Adding a DAGMan workflow log /home/tutorial/pegasus_dispel4py/mpi_experiment/tutorial/pegasus/dispel4py/20160413T230010+0000/./dispel4py-0.dag.nodes.log
04/13/16 23:00:29 Masking the events recorded in the DAGMAN workflow log
04/13/16 23:00:29 Mask for workflow log is 0,1,2,4,5,7,9,10,11,12,13,16,17,24,27
04/13/16 23:00:29 submitting: /usr/bin/condor_submit -a dag_node_name' '=' 'create_dir_dispel4py_0_local -a +DAGManJobId' '=' '1 -a DAGManJobId' '=' '1 -a submit_event_notes' '=' 'DAG' 'Node:' 'create_dir_dispel4py_0_local -a dagman_log' '=' '/home/tutorial/pegasus_dispel4py/mpi_experiment/tutorial/pegasus/dispel4py/20160413T230010+0000/./dispel4py-0.dag.nodes.log -a +DAGManNodesMask' '=' '"0,1,2,4,5,7,9,10,11,12,13,16,17,24,27" -a DAG_STATUS' '=' '0 -a FAILED_COUNT' '=' '0 -a +DAGParentNodeNames' '=' '"" -a +KeepClaimIdle' '=' '20 -a notification' '=' 'never create_dir_dispel4py_0_local.sub
04/13/16 23:00:30 From submit: Submitting job(s).
04/13/16 23:00:30 From submit: 1 job(s) submitted to cluster 2.
04/13/16 23:00:30 	assigned Condor ID (2.0.0)
04/13/16 23:00:30 Just submitted 1 job this cycle...
04/13/16 23:00:30 Currently monitoring 1 Condor log file(s)
04/13/16 23:00:30 Reassigning the id of job create_dir_dispel4py_0_local from (2.0.0) to (2.0.0)
04/13/16 23:00:30 Event: ULOG_SUBMIT for Condor Node create_dir_dispel4py_0_local (2.0.0)
04/13/16 23:00:30 Number of idle job procs: 1
04/13/16 23:00:30 DAG status: 0 (DAG_STATUS_OK)
04/13/16 23:00:30 Of 5 nodes total:
04/13/16 23:00:30  Done     Pre   Queued    Post   Ready   Un-Ready   Failed
04/13/16 23:00:30   ===     ===      ===     ===     ===        ===      ===
04/13/16 23:00:30     0       0        1       0       0          4        0
04/13/16 23:00:30 0 job proc(s) currently held
04/13/16 23:00:35 Currently monitoring 1 Condor log file(s)
04/13/16 23:00:35 Event: ULOG_EXECUTE for Condor Node create_dir_dispel4py_0_local (2.0.0)
04/13/16 23:00:35 Number of idle job procs: 0
04/13/16 23:00:35 Event: ULOG_JOB_TERMINATED for Condor Node create_dir_dispel4py_0_local (2.0.0)
04/13/16 23:00:35 Number of idle job procs: 0
04/13/16 23:00:35 Node create_dir_dispel4py_0_local job proc (2.0.0) completed successfully.
04/13/16 23:00:35 Node create_dir_dispel4py_0_local job completed
04/13/16 23:00:35 Running POST script of Node create_dir_dispel4py_0_local...
04/13/16 23:00:35 Warning: mysin has length 0 (ignore if produced by DAGMan; see gittrac #4987, #5031)
04/13/16 23:00:35 DAG status: 0 (DAG_STATUS_OK)
04/13/16 23:00:35 Of 5 nodes total:
04/13/16 23:00:35  Done     Pre   Queued    Post   Ready   Un-Ready   Failed
04/13/16 23:00:35   ===     ===      ===     ===     ===        ===      ===
04/13/16 23:00:35     0       0        0       1       0          4        0
04/13/16 23:00:35 0 job proc(s) currently held
04/13/16 23:00:36 Initializing user log writer for /home/tutorial/pegasus_dispel4py/mpi_experiment/tutorial/pegasus/dispel4py/20160413T230010+0000/./dispel4py-0.dag.nodes.log, (2.0.0)
04/13/16 23:00:41 Currently monitoring 1 Condor log file(s)
04/13/16 23:00:41 Event: ULOG_POST_SCRIPT_TERMINATED for Condor Node create_dir_dispel4py_0_local (2.0.0)
04/13/16 23:00:41 POST Script of Node create_dir_dispel4py_0_local completed successfully.
04/13/16 23:00:41 DAG status: 0 (DAG_STATUS_OK)
04/13/16 23:00:41 Of 5 nodes total:
04/13/16 23:00:41  Done     Pre   Queued    Post   Ready   Un-Ready   Failed
04/13/16 23:00:41   ===     ===      ===     ===     ===        ===      ===
04/13/16 23:00:41     1       0        0       0       1          3        0
04/13/16 23:00:41 0 job proc(s) currently held
04/13/16 23:00:46 Submitting Condor Node stage_in_remote_local_0_0 job(s)...
04/13/16 23:00:46 Adding a DAGMan workflow log /home/tutorial/pegasus_dispel4py/mpi_experiment/tutorial/pegasus/dispel4py/20160413T230010+0000/./dispel4py-0.dag.nodes.log
04/13/16 23:00:46 Masking the events recorded in the DAGMAN workflow log
04/13/16 23:00:46 Mask for workflow log is 0,1,2,4,5,7,9,10,11,12,13,16,17,24,27
04/13/16 23:00:46 submitting: /usr/bin/condor_submit -a dag_node_name' '=' 'stage_in_remote_local_0_0 -a +DAGManJobId' '=' '1 -a DAGManJobId' '=' '1 -a submit_event_notes' '=' 'DAG' 'Node:' 'stage_in_remote_local_0_0 -a dagman_log' '=' '/home/tutorial/pegasus_dispel4py/mpi_experiment/tutorial/pegasus/dispel4py/20160413T230010+0000/./dispel4py-0.dag.nodes.log -a +DAGManNodesMask' '=' '"0,1,2,4,5,7,9,10,11,12,13,16,17,24,27" -a DAG_STATUS' '=' '0 -a FAILED_COUNT' '=' '0 -a +DAGParentNodeNames' '=' '"create_dir_dispel4py_0_local" -a +KeepClaimIdle' '=' '20 -a notification' '=' 'never stage_in_remote_local_0_0.sub
04/13/16 23:00:46 From submit: Submitting job(s).
04/13/16 23:00:46 From submit: 1 job(s) submitted to cluster 3.
04/13/16 23:00:46 	assigned Condor ID (3.0.0)
04/13/16 23:00:46 Just submitted 1 job this cycle...
04/13/16 23:00:46 Currently monitoring 1 Condor log file(s)
04/13/16 23:00:46 Reassigning the id of job stage_in_remote_local_0_0 from (3.0.0) to (3.0.0)
04/13/16 23:00:46 Event: ULOG_SUBMIT for Condor Node stage_in_remote_local_0_0 (3.0.0)
04/13/16 23:00:46 Number of idle job procs: 1
04/13/16 23:00:46 DAG status: 0 (DAG_STATUS_OK)
04/13/16 23:00:46 Of 5 nodes total:
04/13/16 23:00:46  Done     Pre   Queued    Post   Ready   Un-Ready   Failed
04/13/16 23:00:46   ===     ===      ===     ===     ===        ===      ===
04/13/16 23:00:46     1       0        1       0       0          3        0
04/13/16 23:00:46 0 job proc(s) currently held
04/13/16 23:00:51 Currently monitoring 1 Condor log file(s)
04/13/16 23:00:51 Event: ULOG_EXECUTE for Condor Node stage_in_remote_local_0_0 (3.0.0)
04/13/16 23:00:51 Number of idle job procs: 0
04/13/16 23:00:51 Event: ULOG_JOB_TERMINATED for Condor Node stage_in_remote_local_0_0 (3.0.0)
04/13/16 23:00:51 Number of idle job procs: 0
04/13/16 23:00:51 Node stage_in_remote_local_0_0 job proc (3.0.0) completed successfully.
04/13/16 23:00:51 Node stage_in_remote_local_0_0 job completed
04/13/16 23:00:51 Running POST script of Node stage_in_remote_local_0_0...
04/13/16 23:00:51 Warning: mysin has length 0 (ignore if produced by DAGMan; see gittrac #4987, #5031)
04/13/16 23:00:51 DAG status: 0 (DAG_STATUS_OK)
04/13/16 23:00:51 Of 5 nodes total:
04/13/16 23:00:51  Done     Pre   Queued    Post   Ready   Un-Ready   Failed
04/13/16 23:00:51   ===     ===      ===     ===     ===        ===      ===
04/13/16 23:00:51     1       0        0       1       0          3        0
04/13/16 23:00:51 0 job proc(s) currently held
04/13/16 23:00:52 Initializing user log writer for /home/tutorial/pegasus_dispel4py/mpi_experiment/tutorial/pegasus/dispel4py/20160413T230010+0000/./dispel4py-0.dag.nodes.log, (3.0.0)
04/13/16 23:00:57 Currently monitoring 1 Condor log file(s)
04/13/16 23:00:57 Event: ULOG_POST_SCRIPT_TERMINATED for Condor Node stage_in_remote_local_0_0 (3.0.0)
04/13/16 23:00:57 POST Script of Node stage_in_remote_local_0_0 completed successfully.
04/13/16 23:00:57 DAG status: 0 (DAG_STATUS_OK)
04/13/16 23:00:57 Of 5 nodes total:
04/13/16 23:00:57  Done     Pre   Queued    Post   Ready   Un-Ready   Failed
04/13/16 23:00:57   ===     ===      ===     ===     ===        ===      ===
04/13/16 23:00:57     2       0        0       0       1          2        0
04/13/16 23:00:57 0 job proc(s) currently held
04/13/16 23:01:02 Submitting Condor Node pipeline_ID0000001 job(s)...
04/13/16 23:01:02 Adding a DAGMan workflow log /home/tutorial/pegasus_dispel4py/mpi_experiment/tutorial/pegasus/dispel4py/20160413T230010+0000/./dispel4py-0.dag.nodes.log
04/13/16 23:01:02 Masking the events recorded in the DAGMAN workflow log
04/13/16 23:01:02 Mask for workflow log is 0,1,2,4,5,7,9,10,11,12,13,16,17,24,27
04/13/16 23:01:02 submitting: /usr/bin/condor_submit -a dag_node_name' '=' 'pipeline_ID0000001 -a +DAGManJobId' '=' '1 -a DAGManJobId' '=' '1 -a submit_event_notes' '=' 'DAG' 'Node:' 'pipeline_ID0000001 -a dagman_log' '=' '/home/tutorial/pegasus_dispel4py/mpi_experiment/tutorial/pegasus/dispel4py/20160413T230010+0000/./dispel4py-0.dag.nodes.log -a +DAGManNodesMask' '=' '"0,1,2,4,5,7,9,10,11,12,13,16,17,24,27" -a DAG_STATUS' '=' '0 -a FAILED_COUNT' '=' '0 -a +DAGParentNodeNames' '=' '"stage_in_remote_local_0_0" -a +KeepClaimIdle' '=' '20 -a notification' '=' 'never pipeline_ID0000001.sub
04/13/16 23:01:02 From submit: Submitting job(s).
04/13/16 23:01:02 From submit: 1 job(s) submitted to cluster 4.
04/13/16 23:01:02 	assigned Condor ID (4.0.0)
04/13/16 23:01:02 Just submitted 1 job this cycle...
04/13/16 23:01:02 Currently monitoring 1 Condor log file(s)
04/13/16 23:01:02 Reassigning the id of job pipeline_ID0000001 from (4.0.0) to (4.0.0)
04/13/16 23:01:02 Event: ULOG_SUBMIT for Condor Node pipeline_ID0000001 (4.0.0)
04/13/16 23:01:02 Number of idle job procs: 1
04/13/16 23:01:02 DAG status: 0 (DAG_STATUS_OK)
04/13/16 23:01:02 Of 5 nodes total:
04/13/16 23:01:02  Done     Pre   Queued    Post   Ready   Un-Ready   Failed
04/13/16 23:01:02   ===     ===      ===     ===     ===        ===      ===
04/13/16 23:01:02     2       0        1       0       0          2        0
04/13/16 23:01:02 0 job proc(s) currently held
04/13/16 23:01:07 Currently monitoring 1 Condor log file(s)
04/13/16 23:01:07 Event: ULOG_EXECUTE for Condor Node pipeline_ID0000001 (4.0.0)
04/13/16 23:01:07 Number of idle job procs: 0
04/13/16 23:01:07 Event: ULOG_JOB_TERMINATED for Condor Node pipeline_ID0000001 (4.0.0)
04/13/16 23:01:07 Number of idle job procs: 0
04/13/16 23:01:07 Node pipeline_ID0000001 job proc (4.0.0) completed successfully.
04/13/16 23:01:07 Node pipeline_ID0000001 job completed
04/13/16 23:01:07 Running POST script of Node pipeline_ID0000001...
04/13/16 23:01:07 Warning: mysin has length 0 (ignore if produced by DAGMan; see gittrac #4987, #5031)
04/13/16 23:01:07 DAG status: 0 (DAG_STATUS_OK)
04/13/16 23:01:07 Of 5 nodes total:
04/13/16 23:01:07  Done     Pre   Queued    Post   Ready   Un-Ready   Failed
04/13/16 23:01:07   ===     ===      ===     ===     ===        ===      ===
04/13/16 23:01:07     2       0        0       1       0          2        0
04/13/16 23:01:07 0 job proc(s) currently held
04/13/16 23:01:07 Initializing user log writer for /home/tutorial/pegasus_dispel4py/mpi_experiment/tutorial/pegasus/dispel4py/20160413T230010+0000/./dispel4py-0.dag.nodes.log, (4.0.0)
04/13/16 23:01:12 Currently monitoring 1 Condor log file(s)
04/13/16 23:01:12 Event: ULOG_POST_SCRIPT_TERMINATED for Condor Node pipeline_ID0000001 (4.0.0)
04/13/16 23:01:12 POST Script of Node pipeline_ID0000001 completed successfully.
04/13/16 23:01:12 DAG status: 0 (DAG_STATUS_OK)
04/13/16 23:01:12 Of 5 nodes total:
04/13/16 23:01:12  Done     Pre   Queued    Post   Ready   Un-Ready   Failed
04/13/16 23:01:12   ===     ===      ===     ===     ===        ===      ===
04/13/16 23:01:12     3       0        0       0       1          1        0
04/13/16 23:01:12 0 job proc(s) currently held
04/13/16 23:01:17 Submitting Condor Node clean_up_local_level_3_0 job(s)...
04/13/16 23:01:17 Adding a DAGMan workflow log /home/tutorial/pegasus_dispel4py/mpi_experiment/tutorial/pegasus/dispel4py/20160413T230010+0000/./dispel4py-0.dag.nodes.log
04/13/16 23:01:17 Masking the events recorded in the DAGMAN workflow log
04/13/16 23:01:17 Mask for workflow log is 0,1,2,4,5,7,9,10,11,12,13,16,17,24,27
04/13/16 23:01:17 submitting: /usr/bin/condor_submit -a dag_node_name' '=' 'clean_up_local_level_3_0 -a +DAGManJobId' '=' '1 -a DAGManJobId' '=' '1 -a submit_event_notes' '=' 'DAG' 'Node:' 'clean_up_local_level_3_0 -a dagman_log' '=' '/home/tutorial/pegasus_dispel4py/mpi_experiment/tutorial/pegasus/dispel4py/20160413T230010+0000/./dispel4py-0.dag.nodes.log -a +DAGManNodesMask' '=' '"0,1,2,4,5,7,9,10,11,12,13,16,17,24,27" -a DAG_STATUS' '=' '0 -a FAILED_COUNT' '=' '0 -a +DAGParentNodeNames' '=' '"pipeline_ID0000001" -a +KeepClaimIdle' '=' '20 -a notification' '=' 'never clean_up_local_level_3_0.sub
04/13/16 23:01:18 From submit: Submitting job(s).
04/13/16 23:01:18 From submit: 1 job(s) submitted to cluster 5.
04/13/16 23:01:18 	assigned Condor ID (5.0.0)
04/13/16 23:01:18 Just submitted 1 job this cycle...
04/13/16 23:01:18 Currently monitoring 1 Condor log file(s)
04/13/16 23:01:18 Reassigning the id of job clean_up_local_level_3_0 from (5.0.0) to (5.0.0)
04/13/16 23:01:18 Event: ULOG_SUBMIT for Condor Node clean_up_local_level_3_0 (5.0.0)
04/13/16 23:01:18 Number of idle job procs: 1
04/13/16 23:01:18 DAG status: 0 (DAG_STATUS_OK)
04/13/16 23:01:18 Of 5 nodes total:
04/13/16 23:01:18  Done     Pre   Queued    Post   Ready   Un-Ready   Failed
04/13/16 23:01:18   ===     ===      ===     ===     ===        ===      ===
04/13/16 23:01:18     3       0        1       0       0          1        0
04/13/16 23:01:18 0 job proc(s) currently held
04/13/16 23:01:23 Currently monitoring 1 Condor log file(s)
04/13/16 23:01:23 Event: ULOG_EXECUTE for Condor Node clean_up_local_level_3_0 (5.0.0)
04/13/16 23:01:23 Number of idle job procs: 0
04/13/16 23:01:23 Event: ULOG_JOB_TERMINATED for Condor Node clean_up_local_level_3_0 (5.0.0)
04/13/16 23:01:23 Number of idle job procs: 0
04/13/16 23:01:23 Node clean_up_local_level_3_0 job proc (5.0.0) completed successfully.
04/13/16 23:01:23 Node clean_up_local_level_3_0 job completed
04/13/16 23:01:23 Running POST script of Node clean_up_local_level_3_0...
04/13/16 23:01:23 Warning: mysin has length 0 (ignore if produced by DAGMan; see gittrac #4987, #5031)
04/13/16 23:01:23 DAG status: 0 (DAG_STATUS_OK)
04/13/16 23:01:23 Of 5 nodes total:
04/13/16 23:01:23  Done     Pre   Queued    Post   Ready   Un-Ready   Failed
04/13/16 23:01:23   ===     ===      ===     ===     ===        ===      ===
04/13/16 23:01:23     3       0        0       1       0          1        0
04/13/16 23:01:23 0 job proc(s) currently held
04/13/16 23:01:23 Initializing user log writer for /home/tutorial/pegasus_dispel4py/mpi_experiment/tutorial/pegasus/dispel4py/20160413T230010+0000/./dispel4py-0.dag.nodes.log, (5.0.0)
04/13/16 23:01:28 Currently monitoring 1 Condor log file(s)
04/13/16 23:01:28 Event: ULOG_POST_SCRIPT_TERMINATED for Condor Node clean_up_local_level_3_0 (5.0.0)
04/13/16 23:01:28 POST Script of Node clean_up_local_level_3_0 completed successfully.
04/13/16 23:01:28 DAG status: 0 (DAG_STATUS_OK)
04/13/16 23:01:28 Of 5 nodes total:
04/13/16 23:01:28  Done     Pre   Queued    Post   Ready   Un-Ready   Failed
04/13/16 23:01:28   ===     ===      ===     ===     ===        ===      ===
04/13/16 23:01:28     4       0        0       0       1          0        0
04/13/16 23:01:28 0 job proc(s) currently held
04/13/16 23:01:33 Submitting Condor Node cleanup_dispel4py_0_local job(s)...
04/13/16 23:01:33 Adding a DAGMan workflow log /home/tutorial/pegasus_dispel4py/mpi_experiment/tutorial/pegasus/dispel4py/20160413T230010+0000/./dispel4py-0.dag.nodes.log
04/13/16 23:01:33 Masking the events recorded in the DAGMAN workflow log
04/13/16 23:01:33 Mask for workflow log is 0,1,2,4,5,7,9,10,11,12,13,16,17,24,27
04/13/16 23:01:33 submitting: /usr/bin/condor_submit -a dag_node_name' '=' 'cleanup_dispel4py_0_local -a +DAGManJobId' '=' '1 -a DAGManJobId' '=' '1 -a submit_event_notes' '=' 'DAG' 'Node:' 'cleanup_dispel4py_0_local -a dagman_log' '=' '/home/tutorial/pegasus_dispel4py/mpi_experiment/tutorial/pegasus/dispel4py/20160413T230010+0000/./dispel4py-0.dag.nodes.log -a +DAGManNodesMask' '=' '"0,1,2,4,5,7,9,10,11,12,13,16,17,24,27" -a DAG_STATUS' '=' '0 -a FAILED_COUNT' '=' '0 -a +DAGParentNodeNames' '=' '"clean_up_local_level_3_0" -a notification' '=' 'never cleanup_dispel4py_0_local.sub
04/13/16 23:01:33 From submit: Submitting job(s).
04/13/16 23:01:33 From submit: 1 job(s) submitted to cluster 6.
04/13/16 23:01:33 	assigned Condor ID (6.0.0)
04/13/16 23:01:33 Just submitted 1 job this cycle...
04/13/16 23:01:33 Currently monitoring 1 Condor log file(s)
04/13/16 23:01:33 Reassigning the id of job cleanup_dispel4py_0_local from (6.0.0) to (6.0.0)
04/13/16 23:01:33 Event: ULOG_SUBMIT for Condor Node cleanup_dispel4py_0_local (6.0.0)
04/13/16 23:01:33 Number of idle job procs: 1
04/13/16 23:01:33 DAG status: 0 (DAG_STATUS_OK)
04/13/16 23:01:33 Of 5 nodes total:
04/13/16 23:01:33  Done     Pre   Queued    Post   Ready   Un-Ready   Failed
04/13/16 23:01:33   ===     ===      ===     ===     ===        ===      ===
04/13/16 23:01:33     4       0        1       0       0          0        0
04/13/16 23:01:33 0 job proc(s) currently held
04/13/16 23:01:39 Currently monitoring 1 Condor log file(s)
04/13/16 23:01:39 Event: ULOG_EXECUTE for Condor Node cleanup_dispel4py_0_local (6.0.0)
04/13/16 23:01:39 Number of idle job procs: 0
04/13/16 23:01:39 Event: ULOG_JOB_TERMINATED for Condor Node cleanup_dispel4py_0_local (6.0.0)
04/13/16 23:01:39 Number of idle job procs: 0
04/13/16 23:01:39 Node cleanup_dispel4py_0_local job proc (6.0.0) completed successfully.
04/13/16 23:01:39 Node cleanup_dispel4py_0_local job completed
04/13/16 23:01:39 Running POST script of Node cleanup_dispel4py_0_local...
04/13/16 23:01:39 Warning: mysin has length 0 (ignore if produced by DAGMan; see gittrac #4987, #5031)
04/13/16 23:01:39 DAG status: 0 (DAG_STATUS_OK)
04/13/16 23:01:39 Of 5 nodes total:
04/13/16 23:01:39  Done     Pre   Queued    Post   Ready   Un-Ready   Failed
04/13/16 23:01:39   ===     ===      ===     ===     ===        ===      ===
04/13/16 23:01:39     4       0        0       1       0          0        0
04/13/16 23:01:39 0 job proc(s) currently held
04/13/16 23:01:39 Initializing user log writer for /home/tutorial/pegasus_dispel4py/mpi_experiment/tutorial/pegasus/dispel4py/20160413T230010+0000/./dispel4py-0.dag.nodes.log, (6.0.0)
04/13/16 23:01:44 Currently monitoring 1 Condor log file(s)
04/13/16 23:01:44 Event: ULOG_POST_SCRIPT_TERMINATED for Condor Node cleanup_dispel4py_0_local (6.0.0)
04/13/16 23:01:44 POST Script of Node cleanup_dispel4py_0_local completed successfully.
04/13/16 23:01:44 DAG status: 0 (DAG_STATUS_OK)
04/13/16 23:01:44 Of 5 nodes total:
04/13/16 23:01:44  Done     Pre   Queued    Post   Ready   Un-Ready   Failed
04/13/16 23:01:44   ===     ===      ===     ===     ===        ===      ===
04/13/16 23:01:44     5       0        0       0       0          0        0
04/13/16 23:01:44 0 job proc(s) currently held
04/13/16 23:01:44 All jobs Completed!
04/13/16 23:01:44 Note: 0 total job deferrals because of -MaxJobs limit (0)
04/13/16 23:01:44 Note: 0 total job deferrals because of -MaxIdle limit (1000)
04/13/16 23:01:44 Note: 0 total job deferrals because of node category throttles
04/13/16 23:01:44 Note: 0 total PRE script deferrals because of -MaxPre limit (20) or DEFER
04/13/16 23:01:44 Note: 0 total POST script deferrals because of -MaxPost limit (20) or DEFER
04/13/16 23:01:44 DAG status: 0 (DAG_STATUS_OK)
04/13/16 23:01:44 Of 5 nodes total:
04/13/16 23:01:44  Done     Pre   Queued    Post   Ready   Un-Ready   Failed
04/13/16 23:01:44   ===     ===      ===     ===     ===        ===      ===
04/13/16 23:01:44     5       0        0       0       0          0        0
04/13/16 23:01:44 0 job proc(s) currently held
04/13/16 23:01:44 Wrote metrics file dispel4py-0.dag.metrics.
04/13/16 23:01:44 Reporting metrics to Pegasus metrics server(s); output is in dispel4py-0.dag.metrics.out.
04/13/16 23:01:44 Running command </usr/libexec/condor/condor_dagman_metrics_reporter -f dispel4py-0.dag.metrics -t 100>
04/13/16 23:01:44 Warning: mysin has length 0 (ignore if produced by DAGMan; see gittrac #4987, #5031)
04/13/16 23:01:44 **** condor_scheduniv_exec.1.0 (condor_DAGMAN) pid 454 EXITING WITH STATUS 0
